[10-Mar-2021 10:10:08 UTC] PHP Fatal error:  Uncaught ErrorException: Undefined variable: userLayout in /home/worltfby/public_html/app/Lib/Helpers.php:145
Stack trace:
#0 /home/worltfby/public_html/app/Lib/Helpers.php(145): Illuminate\Foundation\Bootstrap\HandleExceptions->handleError(8, 'Undefined varia...', '/home/worltfby/...', 145, Array)
#1 /home/worltfby/public_html/vendor/laravel/framework/src/Illuminate/View/Concerns/ManagesEvents.php(162): App\Lib\Helpers::App\Lib\{closure}(Object(Illuminate\View\View))
#2 /home/worltfby/public_html/vendor/laravel/framework/src/Illuminate/Events/Dispatcher.php(388): Illuminate\View\Factory->Illuminate\View\Concerns\{closure}('composing: erro...', Array)
#3 /home/worltfby/public_html/vendor/laravel/framework/src/Illuminate/Events/Dispatcher.php(236): Illuminate\Events\Dispatcher->Illuminate\Events\{closure}('composing: erro...', Array)
#4 /home/worltfby/public_html/vendor/laravel/framework/src/Illuminate/View/Concerns/ManagesEvents.php(177): Illuminate\Events\Dispatcher->dispatch('composing: erro...', Array)
#5  in /home/worltfby/public_html/app/Lib/Helpers.php on line 145
[10-Mar-2021 10:10:11 UTC] PHP Fatal error:  Uncaught ErrorException: Undefined variable: userLayout in /home/worltfby/public_html/app/Lib/Helpers.php:145
Stack trace:
#0 /home/worltfby/public_html/app/Lib/Helpers.php(145): Illuminate\Foundation\Bootstrap\HandleExceptions->handleError(8, 'Undefined varia...', '/home/worltfby/...', 145, Array)
#1 /home/worltfby/public_html/vendor/laravel/framework/src/Illuminate/View/Concerns/ManagesEvents.php(162): App\Lib\Helpers::App\Lib\{closure}(Object(Illuminate\View\View))
#2 /home/worltfby/public_html/vendor/laravel/framework/src/Illuminate/Events/Dispatcher.php(388): Illuminate\View\Factory->Illuminate\View\Concerns\{closure}('composing: erro...', Array)
#3 /home/worltfby/public_html/vendor/laravel/framework/src/Illuminate/Events/Dispatcher.php(236): Illuminate\Events\Dispatcher->Illuminate\Events\{closure}('composing: erro...', Array)
#4 /home/worltfby/public_html/vendor/laravel/framework/src/Illuminate/View/Concerns/ManagesEvents.php(177): Illuminate\Events\Dispatcher->dispatch('composing: erro...', Array)
#5  in /home/worltfby/public_html/app/Lib/Helpers.php on line 145
[10-Mar-2021 10:10:13 UTC] PHP Fatal error:  Uncaught ErrorException: Undefined variable: userLayout in /home/worltfby/public_html/app/Lib/Helpers.php:145
Stack trace:
#0 /home/worltfby/public_html/app/Lib/Helpers.php(145): Illuminate\Foundation\Bootstrap\HandleExceptions->handleError(8, 'Undefined varia...', '/home/worltfby/...', 145, Array)
#1 /home/worltfby/public_html/vendor/laravel/framework/src/Illuminate/View/Concerns/ManagesEvents.php(162): App\Lib\Helpers::App\Lib\{closure}(Object(Illuminate\View\View))
#2 /home/worltfby/public_html/vendor/laravel/framework/src/Illuminate/Events/Dispatcher.php(388): Illuminate\View\Factory->Illuminate\View\Concerns\{closure}('composing: erro...', Array)
#3 /home/worltfby/public_html/vendor/laravel/framework/src/Illuminate/Events/Dispatcher.php(236): Illuminate\Events\Dispatcher->Illuminate\Events\{closure}('composing: erro...', Array)
#4 /home/worltfby/public_html/vendor/laravel/framework/src/Illuminate/View/Concerns/ManagesEvents.php(177): Illuminate\Events\Dispatcher->dispatch('composing: erro...', Array)
#5  in /home/worltfby/public_html/app/Lib/Helpers.php on line 145
[10-Mar-2021 10:10:56 UTC] PHP Fatal error:  Uncaught ErrorException: Undefined variable: userLayout in /home/worltfby/public_html/app/Lib/Helpers.php:145
Stack trace:
#0 /home/worltfby/public_html/app/Lib/Helpers.php(145): Illuminate\Foundation\Bootstrap\HandleExceptions->handleError(8, 'Undefined varia...', '/home/worltfby/...', 145, Array)
#1 /home/worltfby/public_html/vendor/laravel/framework/src/Illuminate/View/Concerns/ManagesEvents.php(162): App\Lib\Helpers::App\Lib\{closure}(Object(Illuminate\View\View))
#2 /home/worltfby/public_html/vendor/laravel/framework/src/Illuminate/Events/Dispatcher.php(388): Illuminate\View\Factory->Illuminate\View\Concerns\{closure}('composing: erro...', Array)
#3 /home/worltfby/public_html/vendor/laravel/framework/src/Illuminate/Events/Dispatcher.php(236): Illuminate\Events\Dispatcher->Illuminate\Events\{closure}('composing: erro...', Array)
#4 /home/worltfby/public_html/vendor/laravel/framework/src/Illuminate/View/Concerns/ManagesEvents.php(177): Illuminate\Events\Dispatcher->dispatch('composing: erro...', Array)
#5  in /home/worltfby/public_html/app/Lib/Helpers.php on line 145
[10-Mar-2021 10:11:00 UTC] PHP Fatal error:  Uncaught ErrorException: Undefined variable: userLayout in /home/worltfby/public_html/app/Lib/Helpers.php:145
Stack trace:
#0 /home/worltfby/public_html/app/Lib/Helpers.php(145): Illuminate\Foundation\Bootstrap\HandleExceptions->handleError(8, 'Undefined varia...', '/home/worltfby/...', 145, Array)
#1 /home/worltfby/public_html/vendor/laravel/framework/src/Illuminate/View/Concerns/ManagesEvents.php(162): App\Lib\Helpers::App\Lib\{closure}(Object(Illuminate\View\View))
#2 /home/worltfby/public_html/vendor/laravel/framework/src/Illuminate/Events/Dispatcher.php(388): Illuminate\View\Factory->Illuminate\View\Concerns\{closure}('composing: erro...', Array)
#3 /home/worltfby/public_html/vendor/laravel/framework/src/Illuminate/Events/Dispatcher.php(236): Illuminate\Events\Dispatcher->Illuminate\Events\{closure}('composing: erro...', Array)
#4 /home/worltfby/public_html/vendor/laravel/framework/src/Illuminate/View/Concerns/ManagesEvents.php(177): Illuminate\Events\Dispatcher->dispatch('composing: erro...', Array)
#5  in /home/worltfby/public_html/app/Lib/Helpers.php on line 145
[10-Mar-2021 10:18:30 UTC] PHP Fatal error:  Uncaught ErrorException: Undefined variable: userLayout in /home/worltfby/public_html/app/Lib/Helpers.php:145
Stack trace:
#0 /home/worltfby/public_html/app/Lib/Helpers.php(145): Illuminate\Foundation\Bootstrap\HandleExceptions->handleError(8, 'Undefined varia...', '/home/worltfby/...', 145, Array)
#1 /home/worltfby/public_html/vendor/laravel/framework/src/Illuminate/View/Concerns/ManagesEvents.php(162): App\Lib\Helpers::App\Lib\{closure}(Object(Illuminate\View\View))
#2 /home/worltfby/public_html/vendor/laravel/framework/src/Illuminate/Events/Dispatcher.php(388): Illuminate\View\Factory->Illuminate\View\Concerns\{closure}('composing: erro...', Array)
#3 /home/worltfby/public_html/vendor/laravel/framework/src/Illuminate/Events/Dispatcher.php(236): Illuminate\Events\Dispatcher->Illuminate\Events\{closure}('composing: erro...', Array)
#4 /home/worltfby/public_html/vendor/laravel/framework/src/Illuminate/View/Concerns/ManagesEvents.php(177): Illuminate\Events\Dispatcher->dispatch('composing: erro...', Array)
#5  in /home/worltfby/public_html/app/Lib/Helpers.php on line 145
[10-Mar-2021 10:18:32 UTC] PHP Fatal error:  Uncaught ErrorException: Undefined variable: userLayout in /home/worltfby/public_html/app/Lib/Helpers.php:145
Stack trace:
#0 /home/worltfby/public_html/app/Lib/Helpers.php(145): Illuminate\Foundation\Bootstrap\HandleExceptions->handleError(8, 'Undefined varia...', '/home/worltfby/...', 145, Array)
#1 /home/worltfby/public_html/vendor/laravel/framework/src/Illuminate/View/Concerns/ManagesEvents.php(162): App\Lib\Helpers::App\Lib\{closure}(Object(Illuminate\View\View))
#2 /home/worltfby/public_html/vendor/laravel/framework/src/Illuminate/Events/Dispatcher.php(388): Illuminate\View\Factory->Illuminate\View\Concerns\{closure}('composing: erro...', Array)
#3 /home/worltfby/public_html/vendor/laravel/framework/src/Illuminate/Events/Dispatcher.php(236): Illuminate\Events\Dispatcher->Illuminate\Events\{closure}('composing: erro...', Array)
#4 /home/worltfby/public_html/vendor/laravel/framework/src/Illuminate/View/Concerns/ManagesEvents.php(177): Illuminate\Events\Dispatcher->dispatch('composing: erro...', Array)
#5  in /home/worltfby/public_html/app/Lib/Helpers.php on line 145
[10-Mar-2021 10:20:43 UTC] PHP Fatal error:  Uncaught ErrorException: Undefined variable: userLayout in /home/worltfby/public_html/app/Lib/Helpers.php:145
Stack trace:
#0 /home/worltfby/public_html/app/Lib/Helpers.php(145): Illuminate\Foundation\Bootstrap\HandleExceptions->handleError(8, 'Undefined varia...', '/home/worltfby/...', 145, Array)
#1 /home/worltfby/public_html/vendor/laravel/framework/src/Illuminate/View/Concerns/ManagesEvents.php(162): App\Lib\Helpers::App\Lib\{closure}(Object(Illuminate\View\View))
#2 /home/worltfby/public_html/vendor/laravel/framework/src/Illuminate/Events/Dispatcher.php(388): Illuminate\View\Factory->Illuminate\View\Concerns\{closure}('composing: erro...', Array)
#3 /home/worltfby/public_html/vendor/laravel/framework/src/Illuminate/Events/Dispatcher.php(236): Illuminate\Events\Dispatcher->Illuminate\Events\{closure}('composing: erro...', Array)
#4 /home/worltfby/public_html/vendor/laravel/framework/src/Illuminate/View/Concerns/ManagesEvents.php(177): Illuminate\Events\Dispatcher->dispatch('composing: erro...', Array)
#5  in /home/worltfby/public_html/app/Lib/Helpers.php on line 145
[10-Mar-2021 10:21:39 UTC] PHP Fatal error:  Uncaught ErrorException: Undefined variable: userLayout in /home/worltfby/public_html/app/Lib/Helpers.php:145
Stack trace:
#0 /home/worltfby/public_html/app/Lib/Helpers.php(145): Illuminate\Foundation\Bootstrap\HandleExceptions->handleError(8, 'Undefined varia...', '/home/worltfby/...', 145, Array)
#1 /home/worltfby/public_html/vendor/laravel/framework/src/Illuminate/View/Concerns/ManagesEvents.php(162): App\Lib\Helpers::App\Lib\{closure}(Object(Illuminate\View\View))
#2 /home/worltfby/public_html/vendor/laravel/framework/src/Illuminate/Events/Dispatcher.php(388): Illuminate\View\Factory->Illuminate\View\Concerns\{closure}('composing: erro...', Array)
#3 /home/worltfby/public_html/vendor/laravel/framework/src/Illuminate/Events/Dispatcher.php(236): Illuminate\Events\Dispatcher->Illuminate\Events\{closure}('composing: erro...', Array)
#4 /home/worltfby/public_html/vendor/laravel/framework/src/Illuminate/View/Concerns/ManagesEvents.php(177): Illuminate\Events\Dispatcher->dispatch('composing: erro...', Array)
#5  in /home/worltfby/public_html/app/Lib/Helpers.php on line 145
[10-Mar-2021 10:21:45 UTC] PHP Fatal error:  Uncaught ErrorException: Undefined variable: userLayout in /home/worltfby/public_html/app/Lib/Helpers.php:145
Stack trace:
#0 /home/worltfby/public_html/app/Lib/Helpers.php(145): Illuminate\Foundation\Bootstrap\HandleExceptions->handleError(8, 'Undefined varia...', '/home/worltfby/...', 145, Array)
#1 /home/worltfby/public_html/vendor/laravel/framework/src/Illuminate/View/Concerns/ManagesEvents.php(162): App\Lib\Helpers::App\Lib\{closure}(Object(Illuminate\View\View))
#2 /home/worltfby/public_html/vendor/laravel/framework/src/Illuminate/Events/Dispatcher.php(388): Illuminate\View\Factory->Illuminate\View\Concerns\{closure}('composing: erro...', Array)
#3 /home/worltfby/public_html/vendor/laravel/framework/src/Illuminate/Events/Dispatcher.php(236): Illuminate\Events\Dispatcher->Illuminate\Events\{closure}('composing: erro...', Array)
#4 /home/worltfby/public_html/vendor/laravel/framework/src/Illuminate/View/Concerns/ManagesEvents.php(177): Illuminate\Events\Dispatcher->dispatch('composing: erro...', Array)
#5  in /home/worltfby/public_html/app/Lib/Helpers.php on line 145
[10-Mar-2021 10:22:16 UTC] PHP Fatal error:  Uncaught ErrorException: Undefined variable: userLayout in /home/worltfby/public_html/app/Lib/Helpers.php:145
Stack trace:
#0 /home/worltfby/public_html/app/Lib/Helpers.php(145): Illuminate\Foundation\Bootstrap\HandleExceptions->handleError(8, 'Undefined varia...', '/home/worltfby/...', 145, Array)
#1 /home/worltfby/public_html/vendor/laravel/framework/src/Illuminate/View/Concerns/ManagesEvents.php(162): App\Lib\Helpers::App\Lib\{closure}(Object(Illuminate\View\View))
#2 /home/worltfby/public_html/vendor/laravel/framework/src/Illuminate/Events/Dispatcher.php(388): Illuminate\View\Factory->Illuminate\View\Concerns\{closure}('composing: erro...', Array)
#3 /home/worltfby/public_html/vendor/laravel/framework/src/Illuminate/Events/Dispatcher.php(236): Illuminate\Events\Dispatcher->Illuminate\Events\{closure}('composing: erro...', Array)
#4 /home/worltfby/public_html/vendor/laravel/framework/src/Illuminate/View/Concerns/ManagesEvents.php(177): Illuminate\Events\Dispatcher->dispatch('composing: erro...', Array)
#5  in /home/worltfby/public_html/app/Lib/Helpers.php on line 145
[10-Mar-2021 10:22:24 UTC] PHP Fatal error:  Uncaught ErrorException: Undefined variable: userLayout in /home/worltfby/public_html/app/Lib/Helpers.php:145
Stack trace:
#0 /home/worltfby/public_html/app/Lib/Helpers.php(145): Illuminate\Foundation\Bootstrap\HandleExceptions->handleError(8, 'Undefined varia...', '/home/worltfby/...', 145, Array)
#1 /home/worltfby/public_html/vendor/laravel/framework/src/Illuminate/View/Concerns/ManagesEvents.php(162): App\Lib\Helpers::App\Lib\{closure}(Object(Illuminate\View\View))
#2 /home/worltfby/public_html/vendor/laravel/framework/src/Illuminate/Events/Dispatcher.php(388): Illuminate\View\Factory->Illuminate\View\Concerns\{closure}('composing: erro...', Array)
#3 /home/worltfby/public_html/vendor/laravel/framework/src/Illuminate/Events/Dispatcher.php(236): Illuminate\Events\Dispatcher->Illuminate\Events\{closure}('composing: erro...', Array)
#4 /home/worltfby/public_html/vendor/laravel/framework/src/Illuminate/View/Concerns/ManagesEvents.php(177): Illuminate\Events\Dispatcher->dispatch('composing: erro...', Array)
#5  in /home/worltfby/public_html/app/Lib/Helpers.php on line 145
[10-Mar-2021 10:22:43 UTC] PHP Fatal error:  Uncaught ErrorException: Undefined variable: userLayout in /home/worltfby/public_html/app/Lib/Helpers.php:145
Stack trace:
#0 /home/worltfby/public_html/app/Lib/Helpers.php(145): Illuminate\Foundation\Bootstrap\HandleExceptions->handleError(8, 'Undefined varia...', '/home/worltfby/...', 145, Array)
#1 /home/worltfby/public_html/vendor/laravel/framework/src/Illuminate/View/Concerns/ManagesEvents.php(162): App\Lib\Helpers::App\Lib\{closure}(Object(Illuminate\View\View))
#2 /home/worltfby/public_html/vendor/laravel/framework/src/Illuminate/Events/Dispatcher.php(388): Illuminate\View\Factory->Illuminate\View\Concerns\{closure}('composing: erro...', Array)
#3 /home/worltfby/public_html/vendor/laravel/framework/src/Illuminate/Events/Dispatcher.php(236): Illuminate\Events\Dispatcher->Illuminate\Events\{closure}('composing: erro...', Array)
#4 /home/worltfby/public_html/vendor/laravel/framework/src/Illuminate/View/Concerns/ManagesEvents.php(177): Illuminate\Events\Dispatcher->dispatch('composing: erro...', Array)
#5  in /home/worltfby/public_html/app/Lib/Helpers.php on line 145
[10-Mar-2021 10:23:30 UTC] PHP Fatal error:  Uncaught ErrorException: Undefined variable: userLayout in /home/worltfby/public_html/app/Lib/Helpers.php:145
Stack trace:
#0 /home/worltfby/public_html/app/Lib/Helpers.php(145): Illuminate\Foundation\Bootstrap\HandleExceptions->handleError(8, 'Undefined varia...', '/home/worltfby/...', 145, Array)
#1 /home/worltfby/public_html/vendor/laravel/framework/src/Illuminate/View/Concerns/ManagesEvents.php(162): App\Lib\Helpers::App\Lib\{closure}(Object(Illuminate\View\View))
#2 /home/worltfby/public_html/vendor/laravel/framework/src/Illuminate/Events/Dispatcher.php(388): Illuminate\View\Factory->Illuminate\View\Concerns\{closure}('composing: erro...', Array)
#3 /home/worltfby/public_html/vendor/laravel/framework/src/Illuminate/Events/Dispatcher.php(236): Illuminate\Events\Dispatcher->Illuminate\Events\{closure}('composing: erro...', Array)
#4 /home/worltfby/public_html/vendor/laravel/framework/src/Illuminate/View/Concerns/ManagesEvents.php(177): Illuminate\Events\Dispatcher->dispatch('composing: erro...', Array)
#5  in /home/worltfby/public_html/app/Lib/Helpers.php on line 145
[10-Mar-2021 10:24:20 UTC] PHP Fatal error:  Uncaught ErrorException: Undefined variable: userLayout in /home/worltfby/public_html/app/Lib/Helpers.php:145
Stack trace:
#0 /home/worltfby/public_html/app/Lib/Helpers.php(145): Illuminate\Foundation\Bootstrap\HandleExceptions->handleError(8, 'Undefined varia...', '/home/worltfby/...', 145, Array)
#1 /home/worltfby/public_html/vendor/laravel/framework/src/Illuminate/View/Concerns/ManagesEvents.php(162): App\Lib\Helpers::App\Lib\{closure}(Object(Illuminate\View\View))
#2 /home/worltfby/public_html/vendor/laravel/framework/src/Illuminate/Events/Dispatcher.php(388): Illuminate\View\Factory->Illuminate\View\Concerns\{closure}('composing: erro...', Array)
#3 /home/worltfby/public_html/vendor/laravel/framework/src/Illuminate/Events/Dispatcher.php(236): Illuminate\Events\Dispatcher->Illuminate\Events\{closure}('composing: erro...', Array)
#4 /home/worltfby/public_html/vendor/laravel/framework/src/Illuminate/View/Concerns/ManagesEvents.php(177): Illuminate\Events\Dispatcher->dispatch('composing: erro...', Array)
#5  in /home/worltfby/public_html/app/Lib/Helpers.php on line 145
[10-Mar-2021 10:26:05 UTC] PHP Fatal error:  Uncaught ErrorException: Undefined variable: userLayout in /home/worltfby/public_html/app/Lib/Helpers.php:145
Stack trace:
#0 /home/worltfby/public_html/app/Lib/Helpers.php(145): Illuminate\Foundation\Bootstrap\HandleExceptions->handleError(8, 'Undefined varia...', '/home/worltfby/...', 145, Array)
#1 /home/worltfby/public_html/vendor/laravel/framework/src/Illuminate/View/Concerns/ManagesEvents.php(162): App\Lib\Helpers::App\Lib\{closure}(Object(Illuminate\View\View))
#2 /home/worltfby/public_html/vendor/laravel/framework/src/Illuminate/Events/Dispatcher.php(388): Illuminate\View\Factory->Illuminate\View\Concerns\{closure}('composing: erro...', Array)
#3 /home/worltfby/public_html/vendor/laravel/framework/src/Illuminate/Events/Dispatcher.php(236): Illuminate\Events\Dispatcher->Illuminate\Events\{closure}('composing: erro...', Array)
#4 /home/worltfby/public_html/vendor/laravel/framework/src/Illuminate/View/Concerns/ManagesEvents.php(177): Illuminate\Events\Dispatcher->dispatch('composing: erro...', Array)
#5  in /home/worltfby/public_html/app/Lib/Helpers.php on line 145
[10-Mar-2021 10:26:06 UTC] PHP Fatal error:  Uncaught ErrorException: Undefined variable: userLayout in /home/worltfby/public_html/app/Lib/Helpers.php:145
Stack trace:
#0 /home/worltfby/public_html/app/Lib/Helpers.php(145): Illuminate\Foundation\Bootstrap\HandleExceptions->handleError(8, 'Undefined varia...', '/home/worltfby/...', 145, Array)
#1 /home/worltfby/public_html/vendor/laravel/framework/src/Illuminate/View/Concerns/ManagesEvents.php(162): App\Lib\Helpers::App\Lib\{closure}(Object(Illuminate\View\View))
#2 /home/worltfby/public_html/vendor/laravel/framework/src/Illuminate/Events/Dispatcher.php(388): Illuminate\View\Factory->Illuminate\View\Concerns\{closure}('composing: erro...', Array)
#3 /home/worltfby/public_html/vendor/laravel/framework/src/Illuminate/Events/Dispatcher.php(236): Illuminate\Events\Dispatcher->Illuminate\Events\{closure}('composing: erro...', Array)
#4 /home/worltfby/public_html/vendor/laravel/framework/src/Illuminate/View/Concerns/ManagesEvents.php(177): Illuminate\Events\Dispatcher->dispatch('composing: erro...', Array)
#5  in /home/worltfby/public_html/app/Lib/Helpers.php on line 145
[10-Mar-2021 10:26:13 UTC] PHP Fatal error:  Uncaught ErrorException: Undefined variable: userLayout in /home/worltfby/public_html/app/Lib/Helpers.php:145
Stack trace:
#0 /home/worltfby/public_html/app/Lib/Helpers.php(145): Illuminate\Foundation\Bootstrap\HandleExceptions->handleError(8, 'Undefined varia...', '/home/worltfby/...', 145, Array)
#1 /home/worltfby/public_html/vendor/laravel/framework/src/Illuminate/View/Concerns/ManagesEvents.php(162): App\Lib\Helpers::App\Lib\{closure}(Object(Illuminate\View\View))
#2 /home/worltfby/public_html/vendor/laravel/framework/src/Illuminate/Events/Dispatcher.php(388): Illuminate\View\Factory->Illuminate\View\Concerns\{closure}('composing: erro...', Array)
#3 /home/worltfby/public_html/vendor/laravel/framework/src/Illuminate/Events/Dispatcher.php(236): Illuminate\Events\Dispatcher->Illuminate\Events\{closure}('composing: erro...', Array)
#4 /home/worltfby/public_html/vendor/laravel/framework/src/Illuminate/View/Concerns/ManagesEvents.php(177): Illuminate\Events\Dispatcher->dispatch('composing: erro...', Array)
#5  in /home/worltfby/public_html/app/Lib/Helpers.php on line 145
[10-Mar-2021 10:26:23 UTC] PHP Fatal error:  Uncaught ErrorException: Undefined variable: userLayout in /home/worltfby/public_html/app/Lib/Helpers.php:145
Stack trace:
#0 /home/worltfby/public_html/app/Lib/Helpers.php(145): Illuminate\Foundation\Bootstrap\HandleExceptions->handleError(8, 'Undefined varia...', '/home/worltfby/...', 145, Array)
#1 /home/worltfby/public_html/vendor/laravel/framework/src/Illuminate/View/Concerns/ManagesEvents.php(162): App\Lib\Helpers::App\Lib\{closure}(Object(Illuminate\View\View))
#2 /home/worltfby/public_html/vendor/laravel/framework/src/Illuminate/Events/Dispatcher.php(388): Illuminate\View\Factory->Illuminate\View\Concerns\{closure}('composing: erro...', Array)
#3 /home/worltfby/public_html/vendor/laravel/framework/src/Illuminate/Events/Dispatcher.php(236): Illuminate\Events\Dispatcher->Illuminate\Events\{closure}('composing: erro...', Array)
#4 /home/worltfby/public_html/vendor/laravel/framework/src/Illuminate/View/Concerns/ManagesEvents.php(177): Illuminate\Events\Dispatcher->dispatch('composing: erro...', Array)
#5  in /home/worltfby/public_html/app/Lib/Helpers.php on line 145
[10-Mar-2021 10:26:25 UTC] PHP Fatal error:  Uncaught ErrorException: Undefined variable: userLayout in /home/worltfby/public_html/app/Lib/Helpers.php:145
Stack trace:
#0 /home/worltfby/public_html/app/Lib/Helpers.php(145): Illuminate\Foundation\Bootstrap\HandleExceptions->handleError(8, 'Undefined varia...', '/home/worltfby/...', 145, Array)
#1 /home/worltfby/public_html/vendor/laravel/framework/src/Illuminate/View/Concerns/ManagesEvents.php(162): App\Lib\Helpers::App\Lib\{closure}(Object(Illuminate\View\View))
#2 /home/worltfby/public_html/vendor/laravel/framework/src/Illuminate/Events/Dispatcher.php(388): Illuminate\View\Factory->Illuminate\View\Concerns\{closure}('composing: erro...', Array)
#3 /home/worltfby/public_html/vendor/laravel/framework/src/Illuminate/Events/Dispatcher.php(236): Illuminate\Events\Dispatcher->Illuminate\Events\{closure}('composing: erro...', Array)
#4 /home/worltfby/public_html/vendor/laravel/framework/src/Illuminate/View/Concerns/ManagesEvents.php(177): Illuminate\Events\Dispatcher->dispatch('composing: erro...', Array)
#5  in /home/worltfby/public_html/app/Lib/Helpers.php on line 145
[10-Mar-2021 10:26:30 UTC] PHP Fatal error:  Uncaught ErrorException: Undefined variable: userLayout in /home/worltfby/public_html/app/Lib/Helpers.php:145
Stack trace:
#0 /home/worltfby/public_html/app/Lib/Helpers.php(145): Illuminate\Foundation\Bootstrap\HandleExceptions->handleError(8, 'Undefined varia...', '/home/worltfby/...', 145, Array)
#1 /home/worltfby/public_html/vendor/laravel/framework/src/Illuminate/View/Concerns/ManagesEvents.php(162): App\Lib\Helpers::App\Lib\{closure}(Object(Illuminate\View\View))
#2 /home/worltfby/public_html/vendor/laravel/framework/src/Illuminate/Events/Dispatcher.php(388): Illuminate\View\Factory->Illuminate\View\Concerns\{closure}('composing: erro...', Array)
#3 /home/worltfby/public_html/vendor/laravel/framework/src/Illuminate/Events/Dispatcher.php(236): Illuminate\Events\Dispatcher->Illuminate\Events\{closure}('composing: erro...', Array)
#4 /home/worltfby/public_html/vendor/laravel/framework/src/Illuminate/View/Concerns/ManagesEvents.php(177): Illuminate\Events\Dispatcher->dispatch('composing: erro...', Array)
#5  in /home/worltfby/public_html/app/Lib/Helpers.php on line 145
[10-Mar-2021 10:27:08 UTC] PHP Fatal error:  Uncaught ErrorException: Undefined variable: userLayout in /home/worltfby/public_html/app/Lib/Helpers.php:145
Stack trace:
#0 /home/worltfby/public_html/app/Lib/Helpers.php(145): Illuminate\Foundation\Bootstrap\HandleExceptions->handleError(8, 'Undefined varia...', '/home/worltfby/...', 145, Array)
#1 /home/worltfby/public_html/vendor/laravel/framework/src/Illuminate/View/Concerns/ManagesEvents.php(162): App\Lib\Helpers::App\Lib\{closure}(Object(Illuminate\View\View))
#2 /home/worltfby/public_html/vendor/laravel/framework/src/Illuminate/Events/Dispatcher.php(388): Illuminate\View\Factory->Illuminate\View\Concerns\{closure}('composing: erro...', Array)
#3 /home/worltfby/public_html/vendor/laravel/framework/src/Illuminate/Events/Dispatcher.php(236): Illuminate\Events\Dispatcher->Illuminate\Events\{closure}('composing: erro...', Array)
#4 /home/worltfby/public_html/vendor/laravel/framework/src/Illuminate/View/Concerns/ManagesEvents.php(177): Illuminate\Events\Dispatcher->dispatch('composing: erro...', Array)
#5  in /home/worltfby/public_html/app/Lib/Helpers.php on line 145
[10-Mar-2021 10:27:29 UTC] PHP Fatal error:  Uncaught ErrorException: Undefined variable: userLayout in /home/worltfby/public_html/app/Lib/Helpers.php:145
Stack trace:
#0 /home/worltfby/public_html/app/Lib/Helpers.php(145): Illuminate\Foundation\Bootstrap\HandleExceptions->handleError(8, 'Undefined varia...', '/home/worltfby/...', 145, Array)
#1 /home/worltfby/public_html/vendor/laravel/framework/src/Illuminate/View/Concerns/ManagesEvents.php(162): App\Lib\Helpers::App\Lib\{closure}(Object(Illuminate\View\View))
#2 /home/worltfby/public_html/vendor/laravel/framework/src/Illuminate/Events/Dispatcher.php(388): Illuminate\View\Factory->Illuminate\View\Concerns\{closure}('composing: erro...', Array)
#3 /home/worltfby/public_html/vendor/laravel/framework/src/Illuminate/Events/Dispatcher.php(236): Illuminate\Events\Dispatcher->Illuminate\Events\{closure}('composing: erro...', Array)
#4 /home/worltfby/public_html/vendor/laravel/framework/src/Illuminate/View/Concerns/ManagesEvents.php(177): Illuminate\Events\Dispatcher->dispatch('composing: erro...', Array)
#5  in /home/worltfby/public_html/app/Lib/Helpers.php on line 145
[10-Mar-2021 10:27:54 UTC] PHP Fatal error:  Uncaught ErrorException: Undefined variable: userLayout in /home/worltfby/public_html/app/Lib/Helpers.php:145
Stack trace:
#0 /home/worltfby/public_html/app/Lib/Helpers.php(145): Illuminate\Foundation\Bootstrap\HandleExceptions->handleError(8, 'Undefined varia...', '/home/worltfby/...', 145, Array)
#1 /home/worltfby/public_html/vendor/laravel/framework/src/Illuminate/View/Concerns/ManagesEvents.php(162): App\Lib\Helpers::App\Lib\{closure}(Object(Illuminate\View\View))
#2 /home/worltfby/public_html/vendor/laravel/framework/src/Illuminate/Events/Dispatcher.php(388): Illuminate\View\Factory->Illuminate\View\Concerns\{closure}('composing: erro...', Array)
#3 /home/worltfby/public_html/vendor/laravel/framework/src/Illuminate/Events/Dispatcher.php(236): Illuminate\Events\Dispatcher->Illuminate\Events\{closure}('composing: erro...', Array)
#4 /home/worltfby/public_html/vendor/laravel/framework/src/Illuminate/View/Concerns/ManagesEvents.php(177): Illuminate\Events\Dispatcher->dispatch('composing: erro...', Array)
#5  in /home/worltfby/public_html/app/Lib/Helpers.php on line 145
[10-Mar-2021 10:29:02 UTC] PHP Fatal error:  Uncaught ErrorException: Undefined variable: userLayout in /home/worltfby/public_html/app/Lib/Helpers.php:145
Stack trace:
#0 /home/worltfby/public_html/app/Lib/Helpers.php(145): Illuminate\Foundation\Bootstrap\HandleExceptions->handleError(8, 'Undefined varia...', '/home/worltfby/...', 145, Array)
#1 /home/worltfby/public_html/vendor/laravel/framework/src/Illuminate/View/Concerns/ManagesEvents.php(162): App\Lib\Helpers::App\Lib\{closure}(Object(Illuminate\View\View))
#2 /home/worltfby/public_html/vendor/laravel/framework/src/Illuminate/Events/Dispatcher.php(388): Illuminate\View\Factory->Illuminate\View\Concerns\{closure}('composing: erro...', Array)
#3 /home/worltfby/public_html/vendor/laravel/framework/src/Illuminate/Events/Dispatcher.php(236): Illuminate\Events\Dispatcher->Illuminate\Events\{closure}('composing: erro...', Array)
#4 /home/worltfby/public_html/vendor/laravel/framework/src/Illuminate/View/Concerns/ManagesEvents.php(177): Illuminate\Events\Dispatcher->dispatch('composing: erro...', Array)
#5  in /home/worltfby/public_html/app/Lib/Helpers.php on line 145
[10-Mar-2021 10:29:06 UTC] PHP Fatal error:  Uncaught ErrorException: Undefined variable: userLayout in /home/worltfby/public_html/app/Lib/Helpers.php:145
Stack trace:
#0 /home/worltfby/public_html/app/Lib/Helpers.php(145): Illuminate\Foundation\Bootstrap\HandleExceptions->handleError(8, 'Undefined varia...', '/home/worltfby/...', 145, Array)
#1 /home/worltfby/public_html/vendor/laravel/framework/src/Illuminate/View/Concerns/ManagesEvents.php(162): App\Lib\Helpers::App\Lib\{closure}(Object(Illuminate\View\View))
#2 /home/worltfby/public_html/vendor/laravel/framework/src/Illuminate/Events/Dispatcher.php(388): Illuminate\View\Factory->Illuminate\View\Concerns\{closure}('composing: erro...', Array)
#3 /home/worltfby/public_html/vendor/laravel/framework/src/Illuminate/Events/Dispatcher.php(236): Illuminate\Events\Dispatcher->Illuminate\Events\{closure}('composing: erro...', Array)
#4 /home/worltfby/public_html/vendor/laravel/framework/src/Illuminate/View/Concerns/ManagesEvents.php(177): Illuminate\Events\Dispatcher->dispatch('composing: erro...', Array)
#5  in /home/worltfby/public_html/app/Lib/Helpers.php on line 145
[10-Mar-2021 10:29:10 UTC] PHP Fatal error:  Uncaught ErrorException: Undefined variable: userLayout in /home/worltfby/public_html/app/Lib/Helpers.php:145
Stack trace:
#0 /home/worltfby/public_html/app/Lib/Helpers.php(145): Illuminate\Foundation\Bootstrap\HandleExceptions->handleError(8, 'Undefined varia...', '/home/worltfby/...', 145, Array)
#1 /home/worltfby/public_html/vendor/laravel/framework/src/Illuminate/View/Concerns/ManagesEvents.php(162): App\Lib\Helpers::App\Lib\{closure}(Object(Illuminate\View\View))
#2 /home/worltfby/public_html/vendor/laravel/framework/src/Illuminate/Events/Dispatcher.php(388): Illuminate\View\Factory->Illuminate\View\Concerns\{closure}('composing: erro...', Array)
#3 /home/worltfby/public_html/vendor/laravel/framework/src/Illuminate/Events/Dispatcher.php(236): Illuminate\Events\Dispatcher->Illuminate\Events\{closure}('composing: erro...', Array)
#4 /home/worltfby/public_html/vendor/laravel/framework/src/Illuminate/View/Concerns/ManagesEvents.php(177): Illuminate\Events\Dispatcher->dispatch('composing: erro...', Array)
#5  in /home/worltfby/public_html/app/Lib/Helpers.php on line 145
[10-Mar-2021 10:29:59 UTC] PHP Fatal error:  Uncaught ErrorException: Undefined variable: userLayout in /home/worltfby/public_html/app/Lib/Helpers.php:145
Stack trace:
#0 /home/worltfby/public_html/app/Lib/Helpers.php(145): Illuminate\Foundation\Bootstrap\HandleExceptions->handleError(8, 'Undefined varia...', '/home/worltfby/...', 145, Array)
#1 /home/worltfby/public_html/vendor/laravel/framework/src/Illuminate/View/Concerns/ManagesEvents.php(162): App\Lib\Helpers::App\Lib\{closure}(Object(Illuminate\View\View))
#2 /home/worltfby/public_html/vendor/laravel/framework/src/Illuminate/Events/Dispatcher.php(388): Illuminate\View\Factory->Illuminate\View\Concerns\{closure}('composing: erro...', Array)
#3 /home/worltfby/public_html/vendor/laravel/framework/src/Illuminate/Events/Dispatcher.php(236): Illuminate\Events\Dispatcher->Illuminate\Events\{closure}('composing: erro...', Array)
#4 /home/worltfby/public_html/vendor/laravel/framework/src/Illuminate/View/Concerns/ManagesEvents.php(177): Illuminate\Events\Dispatcher->dispatch('composing: erro...', Array)
#5  in /home/worltfby/public_html/app/Lib/Helpers.php on line 145
[10-Mar-2021 10:30:03 UTC] PHP Fatal error:  Uncaught ErrorException: Undefined variable: userLayout in /home/worltfby/public_html/app/Lib/Helpers.php:145
Stack trace:
#0 /home/worltfby/public_html/app/Lib/Helpers.php(145): Illuminate\Foundation\Bootstrap\HandleExceptions->handleError(8, 'Undefined varia...', '/home/worltfby/...', 145, Array)
#1 /home/worltfby/public_html/vendor/laravel/framework/src/Illuminate/View/Concerns/ManagesEvents.php(162): App\Lib\Helpers::App\Lib\{closure}(Object(Illuminate\View\View))
#2 /home/worltfby/public_html/vendor/laravel/framework/src/Illuminate/Events/Dispatcher.php(388): Illuminate\View\Factory->Illuminate\View\Concerns\{closure}('composing: erro...', Array)
#3 /home/worltfby/public_html/vendor/laravel/framework/src/Illuminate/Events/Dispatcher.php(236): Illuminate\Events\Dispatcher->Illuminate\Events\{closure}('composing: erro...', Array)
#4 /home/worltfby/public_html/vendor/laravel/framework/src/Illuminate/View/Concerns/ManagesEvents.php(177): Illuminate\Events\Dispatcher->dispatch('composing: erro...', Array)
#5  in /home/worltfby/public_html/app/Lib/Helpers.php on line 145
[10-Mar-2021 10:30:16 UTC] PHP Fatal error:  Uncaught ErrorException: Undefined variable: userLayout in /home/worltfby/public_html/app/Lib/Helpers.php:145
Stack trace:
#0 /home/worltfby/public_html/app/Lib/Helpers.php(145): Illuminate\Foundation\Bootstrap\HandleExceptions->handleError(8, 'Undefined varia...', '/home/worltfby/...', 145, Array)
#1 /home/worltfby/public_html/vendor/laravel/framework/src/Illuminate/View/Concerns/ManagesEvents.php(162): App\Lib\Helpers::App\Lib\{closure}(Object(Illuminate\View\View))
#2 /home/worltfby/public_html/vendor/laravel/framework/src/Illuminate/Events/Dispatcher.php(388): Illuminate\View\Factory->Illuminate\View\Concerns\{closure}('composing: erro...', Array)
#3 /home/worltfby/public_html/vendor/laravel/framework/src/Illuminate/Events/Dispatcher.php(236): Illuminate\Events\Dispatcher->Illuminate\Events\{closure}('composing: erro...', Array)
#4 /home/worltfby/public_html/vendor/laravel/framework/src/Illuminate/View/Concerns/ManagesEvents.php(177): Illuminate\Events\Dispatcher->dispatch('composing: erro...', Array)
#5  in /home/worltfby/public_html/app/Lib/Helpers.php on line 145
[10-Mar-2021 10:30:30 UTC] PHP Fatal error:  Uncaught ErrorException: Undefined variable: userLayout in /home/worltfby/public_html/app/Lib/Helpers.php:145
Stack trace:
#0 /home/worltfby/public_html/app/Lib/Helpers.php(145): Illuminate\Foundation\Bootstrap\HandleExceptions->handleError(8, 'Undefined varia...', '/home/worltfby/...', 145, Array)
#1 /home/worltfby/public_html/vendor/laravel/framework/src/Illuminate/View/Concerns/ManagesEvents.php(162): App\Lib\Helpers::App\Lib\{closure}(Object(Illuminate\View\View))
#2 /home/worltfby/public_html/vendor/laravel/framework/src/Illuminate/Events/Dispatcher.php(388): Illuminate\View\Factory->Illuminate\View\Concerns\{closure}('composing: erro...', Array)
#3 /home/worltfby/public_html/vendor/laravel/framework/src/Illuminate/Events/Dispatcher.php(236): Illuminate\Events\Dispatcher->Illuminate\Events\{closure}('composing: erro...', Array)
#4 /home/worltfby/public_html/vendor/laravel/framework/src/Illuminate/View/Concerns/ManagesEvents.php(177): Illuminate\Events\Dispatcher->dispatch('composing: erro...', Array)
#5  in /home/worltfby/public_html/app/Lib/Helpers.php on line 145
[10-Mar-2021 10:32:50 UTC] PHP Fatal error:  Uncaught ErrorException: Undefined variable: userLayout in /home/worltfby/public_html/app/Lib/Helpers.php:145
Stack trace:
#0 /home/worltfby/public_html/app/Lib/Helpers.php(145): Illuminate\Foundation\Bootstrap\HandleExceptions->handleError(8, 'Undefined varia...', '/home/worltfby/...', 145, Array)
#1 /home/worltfby/public_html/vendor/laravel/framework/src/Illuminate/View/Concerns/ManagesEvents.php(162): App\Lib\Helpers::App\Lib\{closure}(Object(Illuminate\View\View))
#2 /home/worltfby/public_html/vendor/laravel/framework/src/Illuminate/Events/Dispatcher.php(388): Illuminate\View\Factory->Illuminate\View\Concerns\{closure}('composing: erro...', Array)
#3 /home/worltfby/public_html/vendor/laravel/framework/src/Illuminate/Events/Dispatcher.php(236): Illuminate\Events\Dispatcher->Illuminate\Events\{closure}('composing: erro...', Array)
#4 /home/worltfby/public_html/vendor/laravel/framework/src/Illuminate/View/Concerns/ManagesEvents.php(177): Illuminate\Events\Dispatcher->dispatch('composing: erro...', Array)
#5  in /home/worltfby/public_html/app/Lib/Helpers.php on line 145
[10-Mar-2021 10:34:16 UTC] PHP Fatal error:  Uncaught ErrorException: Undefined variable: userLayout in /home/worltfby/public_html/app/Lib/Helpers.php:145
Stack trace:
#0 /home/worltfby/public_html/app/Lib/Helpers.php(145): Illuminate\Foundation\Bootstrap\HandleExceptions->handleError(8, 'Undefined varia...', '/home/worltfby/...', 145, Array)
#1 /home/worltfby/public_html/vendor/laravel/framework/src/Illuminate/View/Concerns/ManagesEvents.php(162): App\Lib\Helpers::App\Lib\{closure}(Object(Illuminate\View\View))
#2 /home/worltfby/public_html/vendor/laravel/framework/src/Illuminate/Events/Dispatcher.php(388): Illuminate\View\Factory->Illuminate\View\Concerns\{closure}('composing: erro...', Array)
#3 /home/worltfby/public_html/vendor/laravel/framework/src/Illuminate/Events/Dispatcher.php(236): Illuminate\Events\Dispatcher->Illuminate\Events\{closure}('composing: erro...', Array)
#4 /home/worltfby/public_html/vendor/laravel/framework/src/Illuminate/View/Concerns/ManagesEvents.php(177): Illuminate\Events\Dispatcher->dispatch('composing: erro...', Array)
#5  in /home/worltfby/public_html/app/Lib/Helpers.php on line 145
[10-Mar-2021 10:35:02 UTC] PHP Fatal error:  Uncaught ErrorException: Undefined variable: userLayout in /home/worltfby/public_html/app/Lib/Helpers.php:145
Stack trace:
#0 /home/worltfby/public_html/app/Lib/Helpers.php(145): Illuminate\Foundation\Bootstrap\HandleExceptions->handleError(8, 'Undefined varia...', '/home/worltfby/...', 145, Array)
#1 /home/worltfby/public_html/vendor/laravel/framework/src/Illuminate/View/Concerns/ManagesEvents.php(162): App\Lib\Helpers::App\Lib\{closure}(Object(Illuminate\View\View))
#2 /home/worltfby/public_html/vendor/laravel/framework/src/Illuminate/Events/Dispatcher.php(388): Illuminate\View\Factory->Illuminate\View\Concerns\{closure}('composing: erro...', Array)
#3 /home/worltfby/public_html/vendor/laravel/framework/src/Illuminate/Events/Dispatcher.php(236): Illuminate\Events\Dispatcher->Illuminate\Events\{closure}('composing: erro...', Array)
#4 /home/worltfby/public_html/vendor/laravel/framework/src/Illuminate/View/Concerns/ManagesEvents.php(177): Illuminate\Events\Dispatcher->dispatch('composing: erro...', Array)
#5  in /home/worltfby/public_html/app/Lib/Helpers.php on line 145
[10-Mar-2021 10:39:00 UTC] PHP Fatal error:  Uncaught ErrorException: Undefined variable: userLayout in /home/worltfby/public_html/app/Lib/Helpers.php:145
Stack trace:
#0 /home/worltfby/public_html/app/Lib/Helpers.php(145): Illuminate\Foundation\Bootstrap\HandleExceptions->handleError(8, 'Undefined varia...', '/home/worltfby/...', 145, Array)
#1 /home/worltfby/public_html/vendor/laravel/framework/src/Illuminate/View/Concerns/ManagesEvents.php(162): App\Lib\Helpers::App\Lib\{closure}(Object(Illuminate\View\View))
#2 /home/worltfby/public_html/vendor/laravel/framework/src/Illuminate/Events/Dispatcher.php(388): Illuminate\View\Factory->Illuminate\View\Concerns\{closure}('composing: erro...', Array)
#3 /home/worltfby/public_html/vendor/laravel/framework/src/Illuminate/Events/Dispatcher.php(236): Illuminate\Events\Dispatcher->Illuminate\Events\{closure}('composing: erro...', Array)
#4 /home/worltfby/public_html/vendor/laravel/framework/src/Illuminate/View/Concerns/ManagesEvents.php(177): Illuminate\Events\Dispatcher->dispatch('composing: erro...', Array)
#5  in /home/worltfby/public_html/app/Lib/Helpers.php on line 145
[10-Mar-2021 10:42:46 UTC] PHP Fatal error:  Uncaught ErrorException: Undefined variable: userLayout in /home/worltfby/public_html/app/Lib/Helpers.php:145
Stack trace:
#0 /home/worltfby/public_html/app/Lib/Helpers.php(145): Illuminate\Foundation\Bootstrap\HandleExceptions->handleError(8, 'Undefined varia...', '/home/worltfby/...', 145, Array)
#1 /home/worltfby/public_html/vendor/laravel/framework/src/Illuminate/View/Concerns/ManagesEvents.php(162): App\Lib\Helpers::App\Lib\{closure}(Object(Illuminate\View\View))
#2 /home/worltfby/public_html/vendor/laravel/framework/src/Illuminate/Events/Dispatcher.php(388): Illuminate\View\Factory->Illuminate\View\Concerns\{closure}('composing: erro...', Array)
#3 /home/worltfby/public_html/vendor/laravel/framework/src/Illuminate/Events/Dispatcher.php(236): Illuminate\Events\Dispatcher->Illuminate\Events\{closure}('composing: erro...', Array)
#4 /home/worltfby/public_html/vendor/laravel/framework/src/Illuminate/View/Concerns/ManagesEvents.php(177): Illuminate\Events\Dispatcher->dispatch('composing: erro...', Array)
#5  in /home/worltfby/public_html/app/Lib/Helpers.php on line 145
[10-Mar-2021 11:18:51 UTC] PHP Fatal error:  Uncaught ErrorException: Undefined variable: userLayout in /home/worltfby/public_html/app/Lib/Helpers.php:145
Stack trace:
#0 /home/worltfby/public_html/app/Lib/Helpers.php(145): Illuminate\Foundation\Bootstrap\HandleExceptions->handleError(8, 'Undefined varia...', '/home/worltfby/...', 145, Array)
#1 /home/worltfby/public_html/vendor/laravel/framework/src/Illuminate/View/Concerns/ManagesEvents.php(162): App\Lib\Helpers::App\Lib\{closure}(Object(Illuminate\View\View))
#2 /home/worltfby/public_html/vendor/laravel/framework/src/Illuminate/Events/Dispatcher.php(388): Illuminate\View\Factory->Illuminate\View\Concerns\{closure}('composing: erro...', Array)
#3 /home/worltfby/public_html/vendor/laravel/framework/src/Illuminate/Events/Dispatcher.php(236): Illuminate\Events\Dispatcher->Illuminate\Events\{closure}('composing: erro...', Array)
#4 /home/worltfby/public_html/vendor/laravel/framework/src/Illuminate/View/Concerns/ManagesEvents.php(177): Illuminate\Events\Dispatcher->dispatch('composing: erro...', Array)
#5  in /home/worltfby/public_html/app/Lib/Helpers.php on line 145
[10-Mar-2021 11:18:54 UTC] PHP Fatal error:  Uncaught ErrorException: Undefined variable: userLayout in /home/worltfby/public_html/app/Lib/Helpers.php:145
Stack trace:
#0 /home/worltfby/public_html/app/Lib/Helpers.php(145): Illuminate\Foundation\Bootstrap\HandleExceptions->handleError(8, 'Undefined varia...', '/home/worltfby/...', 145, Array)
#1 /home/worltfby/public_html/vendor/laravel/framework/src/Illuminate/View/Concerns/ManagesEvents.php(162): App\Lib\Helpers::App\Lib\{closure}(Object(Illuminate\View\View))
#2 /home/worltfby/public_html/vendor/laravel/framework/src/Illuminate/Events/Dispatcher.php(388): Illuminate\View\Factory->Illuminate\View\Concerns\{closure}('composing: erro...', Array)
#3 /home/worltfby/public_html/vendor/laravel/framework/src/Illuminate/Events/Dispatcher.php(236): Illuminate\Events\Dispatcher->Illuminate\Events\{closure}('composing: erro...', Array)
#4 /home/worltfby/public_html/vendor/laravel/framework/src/Illuminate/View/Concerns/ManagesEvents.php(177): Illuminate\Events\Dispatcher->dispatch('composing: erro...', Array)
#5  in /home/worltfby/public_html/app/Lib/Helpers.php on line 145
[10-Mar-2021 11:18:56 UTC] PHP Fatal error:  Uncaught ErrorException: Undefined variable: userLayout in /home/worltfby/public_html/app/Lib/Helpers.php:145
Stack trace:
#0 /home/worltfby/public_html/app/Lib/Helpers.php(145): Illuminate\Foundation\Bootstrap\HandleExceptions->handleError(8, 'Undefined varia...', '/home/worltfby/...', 145, Array)
#1 /home/worltfby/public_html/vendor/laravel/framework/src/Illuminate/View/Concerns/ManagesEvents.php(162): App\Lib\Helpers::App\Lib\{closure}(Object(Illuminate\View\View))
#2 /home/worltfby/public_html/vendor/laravel/framework/src/Illuminate/Events/Dispatcher.php(388): Illuminate\View\Factory->Illuminate\View\Concerns\{closure}('composing: erro...', Array)
#3 /home/worltfby/public_html/vendor/laravel/framework/src/Illuminate/Events/Dispatcher.php(236): Illuminate\Events\Dispatcher->Illuminate\Events\{closure}('composing: erro...', Array)
#4 /home/worltfby/public_html/vendor/laravel/framework/src/Illuminate/View/Concerns/ManagesEvents.php(177): Illuminate\Events\Dispatcher->dispatch('composing: erro...', Array)
#5  in /home/worltfby/public_html/app/Lib/Helpers.php on line 145
[10-Mar-2021 11:25:25 UTC] PHP Fatal error:  Uncaught ErrorException: Undefined variable: userLayout in /home/worltfby/public_html/app/Lib/Helpers.php:145
Stack trace:
#0 /home/worltfby/public_html/app/Lib/Helpers.php(145): Illuminate\Foundation\Bootstrap\HandleExceptions->handleError(8, 'Undefined varia...', '/home/worltfby/...', 145, Array)
#1 /home/worltfby/public_html/vendor/laravel/framework/src/Illuminate/View/Concerns/ManagesEvents.php(162): App\Lib\Helpers::App\Lib\{closure}(Object(Illuminate\View\View))
#2 /home/worltfby/public_html/vendor/laravel/framework/src/Illuminate/Events/Dispatcher.php(388): Illuminate\View\Factory->Illuminate\View\Concerns\{closure}('composing: erro...', Array)
#3 /home/worltfby/public_html/vendor/laravel/framework/src/Illuminate/Events/Dispatcher.php(236): Illuminate\Events\Dispatcher->Illuminate\Events\{closure}('composing: erro...', Array)
#4 /home/worltfby/public_html/vendor/laravel/framework/src/Illuminate/View/Concerns/ManagesEvents.php(177): Illuminate\Events\Dispatcher->dispatch('composing: erro...', Array)
#5  in /home/worltfby/public_html/app/Lib/Helpers.php on line 145
[19-Aug-2022 19:40:47 UTC] PHP Fatal error:  Cannot use Auth as Auth because the name is already in use in /home/worltfby/public_html/app/Http/Controllers/Student/StudentController.php on line 65
[07-Jun-2023 03:47:41 UTC] PHP Deprecated:  Required parameter $id follows optional parameter $paginated in /home/cisctcff/test.ciscm.us/app/V2/Model/StudentSessionTable.php on line 145
[07-Jun-2023 03:47:41 UTC] PHP Deprecated:  Required parameter $studentId follows optional parameter $paginated in /home/cisctcff/test.ciscm.us/app/V2/Model/StudentSessionTable.php on line 172
[07-Jun-2023 03:47:41 UTC] PHP Deprecated:  Required parameter $studentId follows optional parameter $paginated in /home/cisctcff/test.ciscm.us/app/V2/Model/StudentSessionTable.php on line 191
[07-Jun-2023 03:47:41 UTC] PHP Deprecated:  Required parameter $sessionId follows optional parameter $paginated in /home/cisctcff/test.ciscm.us/app/V2/Model/StudentSessionTable.php on line 191
[07-Jun-2023 03:47:41 UTC] PHP Deprecated:  Required parameter $studentId follows optional parameter $paginated in /home/cisctcff/test.ciscm.us/app/V2/Model/StudentSessionTable.php on line 225
[07-Jun-2023 03:47:41 UTC] PHP Deprecated:  Required parameter $id follows optional parameter $paginated in /home/cisctcff/test.ciscm.us/app/V2/Model/StudentSessionTable.php on line 266
[07-Jun-2023 03:47:41 UTC] PHP Deprecated:  Required parameter $id follows optional parameter $paginated in /home/cisctcff/test.ciscm.us/app/V2/Model/StudentSessionTable.php on line 288
[07-Jun-2023 03:47:42 UTC] PHP Deprecated:  Required parameter $id follows optional parameter $paginated in /home/cisctcff/test.ciscm.us/app/V2/Model/AttendanceTable.php on line 127
[07-Jun-2023 03:47:42 UTC] PHP Deprecated:  Required parameter $id follows optional parameter $paginated in /home/cisctcff/test.ciscm.us/app/V2/Model/AttendanceTable.php on line 147
[07-Jun-2023 03:47:42 UTC] PHP Deprecated:  Required parameter $id follows optional parameter $paginated in /home/cisctcff/test.ciscm.us/app/V2/Model/AttendanceTable.php on line 167
[07-Jun-2023 03:47:42 UTC] PHP Deprecated:  Required parameter $id follows optional parameter $paginated in /home/cisctcff/test.ciscm.us/app/V2/Model/AttendanceTable.php on line 189
[07-Jun-2023 03:47:42 UTC] PHP Deprecated:  Required parameter $id follows optional parameter $paginated in /home/cisctcff/test.ciscm.us/app/V2/Model/DiscussionTable.php on line 25
[07-Jun-2023 03:47:42 UTC] PHP Deprecated:  Required parameter $id follows optional parameter $paginated in /home/cisctcff/test.ciscm.us/app/V2/Model/DiscussionReplyTable.php on line 27
[07-Jun-2023 03:53:45 UTC] PHP Deprecated:  Required parameter $id follows optional parameter $paginated in /home/cisctcff/test.ciscm.us/app/V2/Model/StudentSessionTable.php on line 145
[07-Jun-2023 03:53:45 UTC] PHP Deprecated:  Required parameter $studentId follows optional parameter $paginated in /home/cisctcff/test.ciscm.us/app/V2/Model/StudentSessionTable.php on line 172
[07-Jun-2023 03:53:45 UTC] PHP Deprecated:  Required parameter $studentId follows optional parameter $paginated in /home/cisctcff/test.ciscm.us/app/V2/Model/StudentSessionTable.php on line 191
[07-Jun-2023 03:53:45 UTC] PHP Deprecated:  Required parameter $sessionId follows optional parameter $paginated in /home/cisctcff/test.ciscm.us/app/V2/Model/StudentSessionTable.php on line 191
[07-Jun-2023 03:53:45 UTC] PHP Deprecated:  Required parameter $studentId follows optional parameter $paginated in /home/cisctcff/test.ciscm.us/app/V2/Model/StudentSessionTable.php on line 225
[07-Jun-2023 03:53:45 UTC] PHP Deprecated:  Required parameter $id follows optional parameter $paginated in /home/cisctcff/test.ciscm.us/app/V2/Model/StudentSessionTable.php on line 266
[07-Jun-2023 03:53:45 UTC] PHP Deprecated:  Required parameter $id follows optional parameter $paginated in /home/cisctcff/test.ciscm.us/app/V2/Model/StudentSessionTable.php on line 288
[07-Jun-2023 03:53:46 UTC] PHP Deprecated:  Required parameter $id follows optional parameter $paginated in /home/cisctcff/test.ciscm.us/app/V2/Model/AttendanceTable.php on line 127
[07-Jun-2023 03:53:46 UTC] PHP Deprecated:  Required parameter $id follows optional parameter $paginated in /home/cisctcff/test.ciscm.us/app/V2/Model/AttendanceTable.php on line 147
[07-Jun-2023 03:53:46 UTC] PHP Deprecated:  Required parameter $id follows optional parameter $paginated in /home/cisctcff/test.ciscm.us/app/V2/Model/AttendanceTable.php on line 167
[07-Jun-2023 03:53:46 UTC] PHP Deprecated:  Required parameter $id follows optional parameter $paginated in /home/cisctcff/test.ciscm.us/app/V2/Model/AttendanceTable.php on line 189
[07-Jun-2023 05:28:28 UTC] PHP Deprecated:  Required parameter $id follows optional parameter $paginated in /home/cisctcff/test.ciscm.us/app/V2/Model/StudentSessionTable.php on line 145
[07-Jun-2023 05:28:28 UTC] PHP Deprecated:  Required parameter $studentId follows optional parameter $paginated in /home/cisctcff/test.ciscm.us/app/V2/Model/StudentSessionTable.php on line 172
[07-Jun-2023 05:28:28 UTC] PHP Deprecated:  Required parameter $studentId follows optional parameter $paginated in /home/cisctcff/test.ciscm.us/app/V2/Model/StudentSessionTable.php on line 191
[07-Jun-2023 05:28:28 UTC] PHP Deprecated:  Required parameter $sessionId follows optional parameter $paginated in /home/cisctcff/test.ciscm.us/app/V2/Model/StudentSessionTable.php on line 191
[07-Jun-2023 05:28:28 UTC] PHP Deprecated:  Required parameter $studentId follows optional parameter $paginated in /home/cisctcff/test.ciscm.us/app/V2/Model/StudentSessionTable.php on line 225
[07-Jun-2023 05:28:28 UTC] PHP Deprecated:  Required parameter $id follows optional parameter $paginated in /home/cisctcff/test.ciscm.us/app/V2/Model/StudentSessionTable.php on line 266
[07-Jun-2023 05:28:28 UTC] PHP Deprecated:  Required parameter $id follows optional parameter $paginated in /home/cisctcff/test.ciscm.us/app/V2/Model/StudentSessionTable.php on line 288
[07-Jun-2023 07:14:29 UTC] PHP Deprecated:  Required parameter $id follows optional parameter $paginated in /home/cisctcff/test.ciscm.us/app/V2/Model/StudentSessionTable.php on line 145
[07-Jun-2023 07:14:29 UTC] PHP Deprecated:  Required parameter $studentId follows optional parameter $paginated in /home/cisctcff/test.ciscm.us/app/V2/Model/StudentSessionTable.php on line 172
[07-Jun-2023 07:14:29 UTC] PHP Deprecated:  Required parameter $studentId follows optional parameter $paginated in /home/cisctcff/test.ciscm.us/app/V2/Model/StudentSessionTable.php on line 191
[07-Jun-2023 07:14:29 UTC] PHP Deprecated:  Required parameter $sessionId follows optional parameter $paginated in /home/cisctcff/test.ciscm.us/app/V2/Model/StudentSessionTable.php on line 191
[07-Jun-2023 07:14:29 UTC] PHP Deprecated:  Required parameter $studentId follows optional parameter $paginated in /home/cisctcff/test.ciscm.us/app/V2/Model/StudentSessionTable.php on line 225
[07-Jun-2023 07:14:29 UTC] PHP Deprecated:  Required parameter $id follows optional parameter $paginated in /home/cisctcff/test.ciscm.us/app/V2/Model/StudentSessionTable.php on line 266
[07-Jun-2023 07:14:29 UTC] PHP Deprecated:  Required parameter $id follows optional parameter $paginated in /home/cisctcff/test.ciscm.us/app/V2/Model/StudentSessionTable.php on line 288
[07-Jun-2023 10:21:50 UTC] PHP Deprecated:  Required parameter $id follows optional parameter $paginated in /home/cisctcff/test.ciscm.us/app/V2/Model/StudentSessionTable.php on line 145
[07-Jun-2023 10:21:50 UTC] PHP Deprecated:  Required parameter $studentId follows optional parameter $paginated in /home/cisctcff/test.ciscm.us/app/V2/Model/StudentSessionTable.php on line 172
[07-Jun-2023 10:21:50 UTC] PHP Deprecated:  Required parameter $studentId follows optional parameter $paginated in /home/cisctcff/test.ciscm.us/app/V2/Model/StudentSessionTable.php on line 191
[07-Jun-2023 10:21:50 UTC] PHP Deprecated:  Required parameter $sessionId follows optional parameter $paginated in /home/cisctcff/test.ciscm.us/app/V2/Model/StudentSessionTable.php on line 191
[07-Jun-2023 10:21:50 UTC] PHP Deprecated:  Required parameter $studentId follows optional parameter $paginated in /home/cisctcff/test.ciscm.us/app/V2/Model/StudentSessionTable.php on line 225
[07-Jun-2023 10:21:50 UTC] PHP Deprecated:  Required parameter $id follows optional parameter $paginated in /home/cisctcff/test.ciscm.us/app/V2/Model/StudentSessionTable.php on line 266
[07-Jun-2023 10:21:50 UTC] PHP Deprecated:  Required parameter $id follows optional parameter $paginated in /home/cisctcff/test.ciscm.us/app/V2/Model/StudentSessionTable.php on line 288
[07-Jun-2023 10:21:52 UTC] PHP Deprecated:  Required parameter $id follows optional parameter $paginated in /home/cisctcff/test.ciscm.us/app/V2/Model/AttendanceTable.php on line 127
[07-Jun-2023 10:21:52 UTC] PHP Deprecated:  Required parameter $id follows optional parameter $paginated in /home/cisctcff/test.ciscm.us/app/V2/Model/AttendanceTable.php on line 147
[07-Jun-2023 10:21:52 UTC] PHP Deprecated:  Required parameter $id follows optional parameter $paginated in /home/cisctcff/test.ciscm.us/app/V2/Model/AttendanceTable.php on line 167
[07-Jun-2023 10:21:52 UTC] PHP Deprecated:  Required parameter $id follows optional parameter $paginated in /home/cisctcff/test.ciscm.us/app/V2/Model/AttendanceTable.php on line 189
[07-Jun-2023 10:21:53 UTC] PHP Deprecated:  Required parameter $id follows optional parameter $paginated in /home/cisctcff/test.ciscm.us/app/V2/Model/DiscussionTable.php on line 25
[07-Jun-2023 10:21:53 UTC] PHP Deprecated:  Required parameter $id follows optional parameter $paginated in /home/cisctcff/test.ciscm.us/app/V2/Model/DiscussionReplyTable.php on line 27
[07-Jun-2023 10:25:43 UTC] PHP Deprecated:  Required parameter $id follows optional parameter $paginated in /home/cisctcff/test.ciscm.us/app/V2/Model/AttendanceTable.php on line 127
[07-Jun-2023 10:25:43 UTC] PHP Deprecated:  Required parameter $id follows optional parameter $paginated in /home/cisctcff/test.ciscm.us/app/V2/Model/AttendanceTable.php on line 147
[07-Jun-2023 10:25:43 UTC] PHP Deprecated:  Required parameter $id follows optional parameter $paginated in /home/cisctcff/test.ciscm.us/app/V2/Model/AttendanceTable.php on line 167
[07-Jun-2023 10:25:43 UTC] PHP Deprecated:  Required parameter $id follows optional parameter $paginated in /home/cisctcff/test.ciscm.us/app/V2/Model/AttendanceTable.php on line 189
[07-Jun-2023 10:25:43 UTC] PHP Deprecated:  Required parameter $id follows optional parameter $paginated in /home/cisctcff/test.ciscm.us/app/V2/Model/StudentSessionTable.php on line 145
[07-Jun-2023 10:25:43 UTC] PHP Deprecated:  Required parameter $studentId follows optional parameter $paginated in /home/cisctcff/test.ciscm.us/app/V2/Model/StudentSessionTable.php on line 172
[07-Jun-2023 10:25:43 UTC] PHP Deprecated:  Required parameter $studentId follows optional parameter $paginated in /home/cisctcff/test.ciscm.us/app/V2/Model/StudentSessionTable.php on line 191
[07-Jun-2023 10:25:43 UTC] PHP Deprecated:  Required parameter $sessionId follows optional parameter $paginated in /home/cisctcff/test.ciscm.us/app/V2/Model/StudentSessionTable.php on line 191
[07-Jun-2023 10:25:43 UTC] PHP Deprecated:  Required parameter $studentId follows optional parameter $paginated in /home/cisctcff/test.ciscm.us/app/V2/Model/StudentSessionTable.php on line 225
[07-Jun-2023 10:25:43 UTC] PHP Deprecated:  Required parameter $id follows optional parameter $paginated in /home/cisctcff/test.ciscm.us/app/V2/Model/StudentSessionTable.php on line 266
[07-Jun-2023 10:25:43 UTC] PHP Deprecated:  Required parameter $id follows optional parameter $paginated in /home/cisctcff/test.ciscm.us/app/V2/Model/StudentSessionTable.php on line 288
[07-Jun-2023 10:28:10 UTC] PHP Deprecated:  Required parameter $id follows optional parameter $paginated in /home/cisctcff/test.ciscm.us/app/V2/Model/AttendanceTable.php on line 127
[07-Jun-2023 10:28:10 UTC] PHP Deprecated:  Required parameter $id follows optional parameter $paginated in /home/cisctcff/test.ciscm.us/app/V2/Model/AttendanceTable.php on line 147
[07-Jun-2023 10:28:10 UTC] PHP Deprecated:  Required parameter $id follows optional parameter $paginated in /home/cisctcff/test.ciscm.us/app/V2/Model/AttendanceTable.php on line 167
[07-Jun-2023 10:28:10 UTC] PHP Deprecated:  Required parameter $id follows optional parameter $paginated in /home/cisctcff/test.ciscm.us/app/V2/Model/AttendanceTable.php on line 189
[07-Jun-2023 10:28:10 UTC] PHP Deprecated:  Required parameter $id follows optional parameter $paginated in /home/cisctcff/test.ciscm.us/app/V2/Model/StudentSessionTable.php on line 145
[07-Jun-2023 10:28:10 UTC] PHP Deprecated:  Required parameter $studentId follows optional parameter $paginated in /home/cisctcff/test.ciscm.us/app/V2/Model/StudentSessionTable.php on line 172
[07-Jun-2023 10:28:10 UTC] PHP Deprecated:  Required parameter $studentId follows optional parameter $paginated in /home/cisctcff/test.ciscm.us/app/V2/Model/StudentSessionTable.php on line 191
[07-Jun-2023 10:28:10 UTC] PHP Deprecated:  Required parameter $sessionId follows optional parameter $paginated in /home/cisctcff/test.ciscm.us/app/V2/Model/StudentSessionTable.php on line 191
[07-Jun-2023 10:28:10 UTC] PHP Deprecated:  Required parameter $studentId follows optional parameter $paginated in /home/cisctcff/test.ciscm.us/app/V2/Model/StudentSessionTable.php on line 225
[07-Jun-2023 10:28:10 UTC] PHP Deprecated:  Required parameter $id follows optional parameter $paginated in /home/cisctcff/test.ciscm.us/app/V2/Model/StudentSessionTable.php on line 266
[07-Jun-2023 10:28:10 UTC] PHP Deprecated:  Required parameter $id follows optional parameter $paginated in /home/cisctcff/test.ciscm.us/app/V2/Model/StudentSessionTable.php on line 288
[07-Jun-2023 14:14:08 UTC] PHP Deprecated:  Required parameter $id follows optional parameter $paginated in /home/cisctcff/test.ciscm.us/app/V2/Model/StudentSessionTable.php on line 145
[07-Jun-2023 14:14:08 UTC] PHP Deprecated:  Required parameter $studentId follows optional parameter $paginated in /home/cisctcff/test.ciscm.us/app/V2/Model/StudentSessionTable.php on line 172
[07-Jun-2023 14:14:08 UTC] PHP Deprecated:  Required parameter $studentId follows optional parameter $paginated in /home/cisctcff/test.ciscm.us/app/V2/Model/StudentSessionTable.php on line 191
[07-Jun-2023 14:14:08 UTC] PHP Deprecated:  Required parameter $sessionId follows optional parameter $paginated in /home/cisctcff/test.ciscm.us/app/V2/Model/StudentSessionTable.php on line 191
[07-Jun-2023 14:14:08 UTC] PHP Deprecated:  Required parameter $studentId follows optional parameter $paginated in /home/cisctcff/test.ciscm.us/app/V2/Model/StudentSessionTable.php on line 225
[07-Jun-2023 14:14:08 UTC] PHP Deprecated:  Required parameter $id follows optional parameter $paginated in /home/cisctcff/test.ciscm.us/app/V2/Model/StudentSessionTable.php on line 266
[07-Jun-2023 14:14:08 UTC] PHP Deprecated:  Required parameter $id follows optional parameter $paginated in /home/cisctcff/test.ciscm.us/app/V2/Model/StudentSessionTable.php on line 288
[07-Jun-2023 14:14:10 UTC] PHP Deprecated:  Required parameter $id follows optional parameter $paginated in /home/cisctcff/test.ciscm.us/app/V2/Model/AttendanceTable.php on line 127
[07-Jun-2023 14:14:10 UTC] PHP Deprecated:  Required parameter $id follows optional parameter $paginated in /home/cisctcff/test.ciscm.us/app/V2/Model/AttendanceTable.php on line 147
[07-Jun-2023 14:14:10 UTC] PHP Deprecated:  Required parameter $id follows optional parameter $paginated in /home/cisctcff/test.ciscm.us/app/V2/Model/AttendanceTable.php on line 167
[07-Jun-2023 14:14:10 UTC] PHP Deprecated:  Required parameter $id follows optional parameter $paginated in /home/cisctcff/test.ciscm.us/app/V2/Model/AttendanceTable.php on line 189
[07-Jun-2023 14:14:10 UTC] PHP Deprecated:  Required parameter $id follows optional parameter $paginated in /home/cisctcff/test.ciscm.us/app/V2/Model/DiscussionTable.php on line 25
[07-Jun-2023 14:14:10 UTC] PHP Deprecated:  Required parameter $id follows optional parameter $paginated in /home/cisctcff/test.ciscm.us/app/V2/Model/DiscussionReplyTable.php on line 27
[07-Jun-2023 14:32:18 UTC] PHP Deprecated:  Required parameter $id follows optional parameter $paginated in /home/cisctcff/test.ciscm.us/app/V2/Model/StudentSessionTable.php on line 145
[07-Jun-2023 14:32:18 UTC] PHP Deprecated:  Required parameter $studentId follows optional parameter $paginated in /home/cisctcff/test.ciscm.us/app/V2/Model/StudentSessionTable.php on line 172
[07-Jun-2023 14:32:18 UTC] PHP Deprecated:  Required parameter $studentId follows optional parameter $paginated in /home/cisctcff/test.ciscm.us/app/V2/Model/StudentSessionTable.php on line 191
[07-Jun-2023 14:32:18 UTC] PHP Deprecated:  Required parameter $sessionId follows optional parameter $paginated in /home/cisctcff/test.ciscm.us/app/V2/Model/StudentSessionTable.php on line 191
[07-Jun-2023 14:32:18 UTC] PHP Deprecated:  Required parameter $studentId follows optional parameter $paginated in /home/cisctcff/test.ciscm.us/app/V2/Model/StudentSessionTable.php on line 225
[07-Jun-2023 14:32:18 UTC] PHP Deprecated:  Required parameter $id follows optional parameter $paginated in /home/cisctcff/test.ciscm.us/app/V2/Model/StudentSessionTable.php on line 266
[07-Jun-2023 14:32:18 UTC] PHP Deprecated:  Required parameter $id follows optional parameter $paginated in /home/cisctcff/test.ciscm.us/app/V2/Model/StudentSessionTable.php on line 288
[07-Jun-2023 14:32:18 UTC] PHP Deprecated:  Required parameter $id follows optional parameter $paginated in /home/cisctcff/test.ciscm.us/app/V2/Model/AttendanceTable.php on line 127
[07-Jun-2023 14:32:18 UTC] PHP Deprecated:  Required parameter $id follows optional parameter $paginated in /home/cisctcff/test.ciscm.us/app/V2/Model/AttendanceTable.php on line 147
[07-Jun-2023 14:32:18 UTC] PHP Deprecated:  Required parameter $id follows optional parameter $paginated in /home/cisctcff/test.ciscm.us/app/V2/Model/AttendanceTable.php on line 167
[07-Jun-2023 14:32:18 UTC] PHP Deprecated:  Required parameter $id follows optional parameter $paginated in /home/cisctcff/test.ciscm.us/app/V2/Model/AttendanceTable.php on line 189
[23-Jun-2023 10:34:46 UTC] PHP Deprecated:  Required parameter $id follows optional parameter $paginated in /home/cisctcff/test.ciscm.us/app/V2/Model/StudentSessionTable.php on line 145
[23-Jun-2023 10:34:46 UTC] PHP Deprecated:  Required parameter $studentId follows optional parameter $paginated in /home/cisctcff/test.ciscm.us/app/V2/Model/StudentSessionTable.php on line 172
[23-Jun-2023 10:34:46 UTC] PHP Deprecated:  Required parameter $studentId follows optional parameter $paginated in /home/cisctcff/test.ciscm.us/app/V2/Model/StudentSessionTable.php on line 191
[23-Jun-2023 10:34:46 UTC] PHP Deprecated:  Required parameter $sessionId follows optional parameter $paginated in /home/cisctcff/test.ciscm.us/app/V2/Model/StudentSessionTable.php on line 191
[23-Jun-2023 10:34:46 UTC] PHP Deprecated:  Required parameter $studentId follows optional parameter $paginated in /home/cisctcff/test.ciscm.us/app/V2/Model/StudentSessionTable.php on line 225
[23-Jun-2023 10:34:46 UTC] PHP Deprecated:  Required parameter $id follows optional parameter $paginated in /home/cisctcff/test.ciscm.us/app/V2/Model/StudentSessionTable.php on line 266
[23-Jun-2023 10:34:46 UTC] PHP Deprecated:  Required parameter $id follows optional parameter $paginated in /home/cisctcff/test.ciscm.us/app/V2/Model/StudentSessionTable.php on line 288
[23-Jun-2023 10:34:46 UTC] PHP Deprecated:  Required parameter $id follows optional parameter $paginated in /home/cisctcff/test.ciscm.us/app/V2/Model/AttendanceTable.php on line 127
[23-Jun-2023 10:34:46 UTC] PHP Deprecated:  Required parameter $id follows optional parameter $paginated in /home/cisctcff/test.ciscm.us/app/V2/Model/AttendanceTable.php on line 147
[23-Jun-2023 10:34:46 UTC] PHP Deprecated:  Required parameter $id follows optional parameter $paginated in /home/cisctcff/test.ciscm.us/app/V2/Model/AttendanceTable.php on line 167
[23-Jun-2023 10:34:46 UTC] PHP Deprecated:  Required parameter $id follows optional parameter $paginated in /home/cisctcff/test.ciscm.us/app/V2/Model/AttendanceTable.php on line 189
[23-Jun-2023 10:34:46 UTC] PHP Deprecated:  Required parameter $id follows optional parameter $paginated in /home/cisctcff/test.ciscm.us/app/V2/Model/DiscussionTable.php on line 25
[23-Jun-2023 10:34:46 UTC] PHP Deprecated:  Required parameter $id follows optional parameter $paginated in /home/cisctcff/test.ciscm.us/app/V2/Model/DiscussionReplyTable.php on line 27
[23-Jun-2023 10:35:17 UTC] PHP Deprecated:  Required parameter $serviceLocator follows optional parameter $name in /home/cisctcff/test.ciscm.us/app/V2/Form/StudentForm.php on line 13
[23-Jun-2023 10:39:26 UTC] PHP Deprecated:  Required parameter $serviceLocator follows optional parameter $name in /home/cisctcff/test.ciscm.us/app/V2/Form/LessonForm.php on line 11
[23-Jun-2023 12:18:31 UTC] PHP Deprecated:  Required parameter $id follows optional parameter $paginated in /home/cisctcff/test.ciscm.us/app/V2/Model/StudentSessionTable.php on line 145
[23-Jun-2023 12:18:31 UTC] PHP Deprecated:  Required parameter $studentId follows optional parameter $paginated in /home/cisctcff/test.ciscm.us/app/V2/Model/StudentSessionTable.php on line 172
[23-Jun-2023 12:18:31 UTC] PHP Deprecated:  Required parameter $studentId follows optional parameter $paginated in /home/cisctcff/test.ciscm.us/app/V2/Model/StudentSessionTable.php on line 191
[23-Jun-2023 12:18:31 UTC] PHP Deprecated:  Required parameter $sessionId follows optional parameter $paginated in /home/cisctcff/test.ciscm.us/app/V2/Model/StudentSessionTable.php on line 191
[23-Jun-2023 12:18:31 UTC] PHP Deprecated:  Required parameter $studentId follows optional parameter $paginated in /home/cisctcff/test.ciscm.us/app/V2/Model/StudentSessionTable.php on line 225
[23-Jun-2023 12:18:31 UTC] PHP Deprecated:  Required parameter $id follows optional parameter $paginated in /home/cisctcff/test.ciscm.us/app/V2/Model/StudentSessionTable.php on line 266
[23-Jun-2023 12:18:31 UTC] PHP Deprecated:  Required parameter $id follows optional parameter $paginated in /home/cisctcff/test.ciscm.us/app/V2/Model/StudentSessionTable.php on line 288
[23-Jun-2023 12:18:31 UTC] PHP Deprecated:  Required parameter $id follows optional parameter $paginated in /home/cisctcff/test.ciscm.us/app/V2/Model/AttendanceTable.php on line 127
[23-Jun-2023 12:18:31 UTC] PHP Deprecated:  Required parameter $id follows optional parameter $paginated in /home/cisctcff/test.ciscm.us/app/V2/Model/AttendanceTable.php on line 147
[23-Jun-2023 12:18:31 UTC] PHP Deprecated:  Required parameter $id follows optional parameter $paginated in /home/cisctcff/test.ciscm.us/app/V2/Model/AttendanceTable.php on line 167
[23-Jun-2023 12:18:31 UTC] PHP Deprecated:  Required parameter $id follows optional parameter $paginated in /home/cisctcff/test.ciscm.us/app/V2/Model/AttendanceTable.php on line 189
[23-Jun-2023 12:18:31 UTC] PHP Deprecated:  Required parameter $id follows optional parameter $paginated in /home/cisctcff/test.ciscm.us/app/V2/Model/DiscussionTable.php on line 25
[23-Jun-2023 12:18:31 UTC] PHP Deprecated:  Required parameter $id follows optional parameter $paginated in /home/cisctcff/test.ciscm.us/app/V2/Model/DiscussionReplyTable.php on line 27
[28-Jun-2023 21:35:46 UTC] PHP Fatal error:  Declaration of App\Model\Page::sluggable() must be compatible with Cviebrock\EloquentSluggable\Sluggable::sluggable(): array in /home/cisctcff/test.ciscm.us/app/Model/Page.php on line 28
[28-Jun-2023 21:35:48 UTC] PHP Deprecated:  Required parameter $id follows optional parameter $paginated in /home/cisctcff/test.ciscm.us/app/V2/Model/StudentSessionTable.php on line 145
[28-Jun-2023 21:35:48 UTC] PHP Deprecated:  Required parameter $studentId follows optional parameter $paginated in /home/cisctcff/test.ciscm.us/app/V2/Model/StudentSessionTable.php on line 172
[28-Jun-2023 21:35:48 UTC] PHP Deprecated:  Required parameter $studentId follows optional parameter $paginated in /home/cisctcff/test.ciscm.us/app/V2/Model/StudentSessionTable.php on line 191
[28-Jun-2023 21:35:48 UTC] PHP Deprecated:  Required parameter $sessionId follows optional parameter $paginated in /home/cisctcff/test.ciscm.us/app/V2/Model/StudentSessionTable.php on line 191
[28-Jun-2023 21:35:48 UTC] PHP Deprecated:  Required parameter $studentId follows optional parameter $paginated in /home/cisctcff/test.ciscm.us/app/V2/Model/StudentSessionTable.php on line 225
[28-Jun-2023 21:35:48 UTC] PHP Deprecated:  Required parameter $id follows optional parameter $paginated in /home/cisctcff/test.ciscm.us/app/V2/Model/StudentSessionTable.php on line 266
[28-Jun-2023 21:35:48 UTC] PHP Deprecated:  Required parameter $id follows optional parameter $paginated in /home/cisctcff/test.ciscm.us/app/V2/Model/StudentSessionTable.php on line 288
[28-Jun-2023 21:35:49 UTC] PHP Fatal error:  Declaration of App\Model\Page::sluggable() must be compatible with Cviebrock\EloquentSluggable\Sluggable::sluggable(): array in /home/cisctcff/test.ciscm.us/app/Model/Page.php on line 28
[28-Jun-2023 21:35:56 UTC] PHP Fatal error:  Declaration of App\Model\Page::sluggable() must be compatible with Cviebrock\EloquentSluggable\Sluggable::sluggable(): array in /home/cisctcff/test.ciscm.us/app/Model/Page.php on line 28
[28-Jun-2023 21:36:13 UTC] PHP Fatal error:  Declaration of App\Model\Page::sluggable() must be compatible with Cviebrock\EloquentSluggable\Sluggable::sluggable(): array in /home/cisctcff/test.ciscm.us/app/Model/Page.php on line 28
[28-Jun-2023 21:36:17 UTC] PHP Fatal error:  Declaration of App\Model\Page::sluggable() must be compatible with Cviebrock\EloquentSluggable\Sluggable::sluggable(): array in /home/cisctcff/test.ciscm.us/app/Model/Page.php on line 28
[28-Jun-2023 21:36:19 UTC] PHP Fatal error:  Declaration of App\Model\Page::sluggable() must be compatible with Cviebrock\EloquentSluggable\Sluggable::sluggable(): array in /home/cisctcff/test.ciscm.us/app/Model/Page.php on line 28
[28-Jun-2023 21:36:24 UTC] PHP Fatal error:  Declaration of App\Model\Page::sluggable() must be compatible with Cviebrock\EloquentSluggable\Sluggable::sluggable(): array in /home/cisctcff/test.ciscm.us/app/Model/Page.php on line 28
[28-Jun-2023 21:36:29 UTC] PHP Fatal error:  Declaration of App\Model\Page::sluggable() must be compatible with Cviebrock\EloquentSluggable\Sluggable::sluggable(): array in /home/cisctcff/test.ciscm.us/app/Model/Page.php on line 28
[29-Jun-2023 02:55:20 UTC] PHP Fatal error:  Declaration of App\Model\Page::sluggable() must be compatible with Cviebrock\EloquentSluggable\Sluggable::sluggable(): array in /home/cisctcff/test.ciscm.us/app/Model/Page.php on line 28
[29-Jun-2023 07:16:13 UTC] PHP Fatal error:  Declaration of App\Model\Page::sluggable() must be compatible with Cviebrock\EloquentSluggable\Sluggable::sluggable(): array in /home/cisctcff/test.ciscm.us/app/Model/Page.php on line 28
[29-Jun-2023 07:20:32 UTC] PHP Fatal error:  Declaration of App\Model\Page::sluggable() must be compatible with Cviebrock\EloquentSluggable\Sluggable::sluggable(): array in /home/cisctcff/test.ciscm.us/app/Model/Page.php on line 28
[30-Jun-2023 08:27:09 UTC] PHP Deprecated:  Required parameter $id follows optional parameter $paginated in /home/cisctcff/test.ciscm.us/app/V2/Model/StudentSessionTable.php on line 145
[30-Jun-2023 08:27:09 UTC] PHP Deprecated:  Required parameter $studentId follows optional parameter $paginated in /home/cisctcff/test.ciscm.us/app/V2/Model/StudentSessionTable.php on line 172
[30-Jun-2023 08:27:09 UTC] PHP Deprecated:  Required parameter $studentId follows optional parameter $paginated in /home/cisctcff/test.ciscm.us/app/V2/Model/StudentSessionTable.php on line 191
[30-Jun-2023 08:27:09 UTC] PHP Deprecated:  Required parameter $sessionId follows optional parameter $paginated in /home/cisctcff/test.ciscm.us/app/V2/Model/StudentSessionTable.php on line 191
[30-Jun-2023 08:27:09 UTC] PHP Deprecated:  Required parameter $studentId follows optional parameter $paginated in /home/cisctcff/test.ciscm.us/app/V2/Model/StudentSessionTable.php on line 225
[30-Jun-2023 08:27:09 UTC] PHP Deprecated:  Required parameter $id follows optional parameter $paginated in /home/cisctcff/test.ciscm.us/app/V2/Model/StudentSessionTable.php on line 266
[30-Jun-2023 08:27:09 UTC] PHP Deprecated:  Required parameter $id follows optional parameter $paginated in /home/cisctcff/test.ciscm.us/app/V2/Model/StudentSessionTable.php on line 288
[30-Jun-2023 23:03:54 UTC] PHP Fatal error:  Declaration of App\Model\Page::sluggable() must be compatible with Cviebrock\EloquentSluggable\Sluggable::sluggable(): array in /home/cisctcff/test.ciscm.us/app/Model/Page.php on line 28
[01-Jul-2023 00:08:29 UTC] PHP Deprecated:  Required parameter $id follows optional parameter $paginated in /home/cisctcff/test.ciscm.us/app/V2/Model/StudentSessionTable.php on line 145
[01-Jul-2023 00:08:29 UTC] PHP Deprecated:  Required parameter $studentId follows optional parameter $paginated in /home/cisctcff/test.ciscm.us/app/V2/Model/StudentSessionTable.php on line 172
[01-Jul-2023 00:08:29 UTC] PHP Deprecated:  Required parameter $studentId follows optional parameter $paginated in /home/cisctcff/test.ciscm.us/app/V2/Model/StudentSessionTable.php on line 191
[01-Jul-2023 00:08:29 UTC] PHP Deprecated:  Required parameter $sessionId follows optional parameter $paginated in /home/cisctcff/test.ciscm.us/app/V2/Model/StudentSessionTable.php on line 191
[01-Jul-2023 00:08:29 UTC] PHP Deprecated:  Required parameter $studentId follows optional parameter $paginated in /home/cisctcff/test.ciscm.us/app/V2/Model/StudentSessionTable.php on line 225
[01-Jul-2023 00:08:29 UTC] PHP Deprecated:  Required parameter $id follows optional parameter $paginated in /home/cisctcff/test.ciscm.us/app/V2/Model/StudentSessionTable.php on line 266
[01-Jul-2023 00:08:29 UTC] PHP Deprecated:  Required parameter $id follows optional parameter $paginated in /home/cisctcff/test.ciscm.us/app/V2/Model/StudentSessionTable.php on line 288
[01-Jul-2023 18:36:04 UTC] PHP Fatal error:  Declaration of App\Model\Page::sluggable() must be compatible with Cviebrock\EloquentSluggable\Sluggable::sluggable(): array in /home/cisctcff/test.ciscm.us/app/Model/Page.php on line 28
[02-Jul-2023 03:52:16 UTC] PHP Deprecated:  Required parameter $id follows optional parameter $paginated in /home/cisctcff/test.ciscm.us/app/V2/Model/StudentSessionTable.php on line 145
[02-Jul-2023 03:52:16 UTC] PHP Deprecated:  Required parameter $studentId follows optional parameter $paginated in /home/cisctcff/test.ciscm.us/app/V2/Model/StudentSessionTable.php on line 172
[02-Jul-2023 03:52:16 UTC] PHP Deprecated:  Required parameter $studentId follows optional parameter $paginated in /home/cisctcff/test.ciscm.us/app/V2/Model/StudentSessionTable.php on line 191
[02-Jul-2023 03:52:16 UTC] PHP Deprecated:  Required parameter $sessionId follows optional parameter $paginated in /home/cisctcff/test.ciscm.us/app/V2/Model/StudentSessionTable.php on line 191
[02-Jul-2023 03:52:16 UTC] PHP Deprecated:  Required parameter $studentId follows optional parameter $paginated in /home/cisctcff/test.ciscm.us/app/V2/Model/StudentSessionTable.php on line 225
[02-Jul-2023 03:52:16 UTC] PHP Deprecated:  Required parameter $id follows optional parameter $paginated in /home/cisctcff/test.ciscm.us/app/V2/Model/StudentSessionTable.php on line 266
[02-Jul-2023 03:52:16 UTC] PHP Deprecated:  Required parameter $id follows optional parameter $paginated in /home/cisctcff/test.ciscm.us/app/V2/Model/StudentSessionTable.php on line 288
[03-Jul-2023 14:23:41 UTC] PHP Fatal error:  Declaration of App\Model\Page::sluggable() must be compatible with Cviebrock\EloquentSluggable\Sluggable::sluggable(): array in /home/cisctcff/test.ciscm.us/app/Model/Page.php on line 28
[05-Jul-2023 21:44:39 UTC] PHP Fatal error:  Declaration of App\Model\Page::sluggable() must be compatible with Cviebrock\EloquentSluggable\Sluggable::sluggable(): array in /home/cisctcff/test.ciscm.us/app/Model/Page.php on line 28
[06-Jul-2023 02:17:19 UTC] PHP Fatal error:  Declaration of App\Model\Page::sluggable() must be compatible with Cviebrock\EloquentSluggable\Sluggable::sluggable(): array in /home/cisctcff/test.ciscm.us/app/Model/Page.php on line 28
[06-Jul-2023 04:35:02 UTC] PHP Fatal error:  Declaration of App\Model\Page::sluggable() must be compatible with Cviebrock\EloquentSluggable\Sluggable::sluggable(): array in /home/cisctcff/test.ciscm.us/app/Model/Page.php on line 28
[06-Jul-2023 13:58:50 UTC] PHP Fatal error:  Declaration of App\Model\Page::sluggable() must be compatible with Cviebrock\EloquentSluggable\Sluggable::sluggable(): array in /home/cisctcff/test.ciscm.us/app/Model/Page.php on line 28
[06-Jul-2023 21:09:38 UTC] PHP Fatal error:  Declaration of App\Model\Page::sluggable() must be compatible with Cviebrock\EloquentSluggable\Sluggable::sluggable(): array in /home/cisctcff/test.ciscm.us/app/Model/Page.php on line 28
